<?xml version="1.0" encoding="UTF-8"?>
<testsuite xmlns:xsi="http://www.w3.org/2001/XMLSchema-instance" xsi:noNamespaceSchemaLocation="https://maven.apache.org/surefire/maven-surefire-plugin/xsd/surefire-test-report-3.0.xsd" version="3.0" name="connectionpool.DataSourceTest" time="9.13" tests="11" errors="0" skipped="0" failures="0">
  <properties>
[...]
</properties>
  <testcase name="testCloseConnectionsFromJDBC" classname="connectionpool.DataSourceTest" time="1.711"/>
  <testcase name="testMaxConnectionsPossible" classname="connectionpool.DataSourceTest" time="2.403"/>
  <testcase name="testMaxConnections" classname="connectionpool.DataSourceTest" time="0.852"/>
  <testcase name="testReturnConnection" classname="connectionpool.DataSourceTest" time="0.251"/>
  <testcase name="testTotalConnection" classname="connectionpool.DataSourceTest" time="0.657"/>
  <testcase name="testUpdateData" classname="connectionpool.DataSourceTest" time="0.344"/>
  <testcase name="testGetData" classname="connectionpool.DataSourceTest" time="0.253"/>
  <testcase name="testGetConnectionFromJDBC" classname="connectionpool.DataSourceTest" time="0.229"/>
  <testcase name="testInsertData" classname="connectionpool.DataSourceTest" time="0.236"/>
  <testcase name="testDeleteData" classname="connectionpool.DataSourceTest" time="0.8"/>
  <testcase name="testDifferentCOnnections" classname="connectionpool.DataSourceTest" time="0.457"/>
</testsuite>