<?xml version="1.0" encoding="UTF-8"?>
<testsuite xmlns:xsi="http://www.w3.org/2001/XMLSchema-instance" xsi:noNamespaceSchemaLocation="https://maven.apache.org/surefire/maven-surefire-plugin/xsd/surefire-test-report-3.0.xsd" version="3.0" name="connectionpool.DataSourceTest" time="14.357" tests="11" errors="0" skipped="0" failures="0">
  <properties>
[...]
</properties>
  <testcase name="testCloseConnectionsFromJDBC" classname="connectionpool.DataSourceTest" time="1.481"/>
  <testcase name="testMaxConnectionsPossible" classname="connectionpool.DataSourceTest" time="4.526"/>
  <testcase name="testMaxConnections" classname="connectionpool.DataSourceTest" time="1.77"/>
  <testcase name="testReturnConnection" classname="connectionpool.DataSourceTest" time="1.22"/>
  <testcase name="testTotalConnection" classname="connectionpool.DataSourceTest" time="1.454"/>
  <testcase name="testUpdateData" classname="connectionpool.DataSourceTest" time="0.718"/>
  <testcase name="testGetData" classname="connectionpool.DataSourceTest" time="0.455"/>
  <testcase name="testGetConnectionFromJDBC" classname="connectionpool.DataSourceTest" time="0.395"/>
  <testcase name="testInsertData" classname="connectionpool.DataSourceTest" time="0.663"/>
  <testcase name="testDeleteData" classname="connectionpool.DataSourceTest" time="0.463"/>
  <testcase name="testDifferentCOnnections" classname="connectionpool.DataSourceTest" time="0.858"/>
</testsuite>